# JRE version: 7.0_05-b05
# Java VM: Java HotSpot(TM) Client VM (23.1-b03 mixed mode windows-x86 )
Heap
 def new generation   total 4928K, used 2600K [0x04940000, 0x04e90000, 0x09e90000)
  eden space 4416K,  47% used [0x04940000, 0x04b4a028, 0x04d90000)
  from space 512K,  99% used [0x04e10000, 0x04e8fff8, 0x04e90000)
  to   space 512K,   0% used [0x04d90000, 0x04d90000, 0x04e10000)
 tenured generation   total 10944K, used 4298K [0x09e90000, 0x0a940000, 0x14940000)
   the space 10944K,  39% used [0x09e90000, 0x0a2c2ac8, 0x0a2c2c00, 0x0a940000)
 compacting perm gen  total 12288K, used 7815K [0x14940000, 0x15540000, 0x18940000)
   the space 12288K,  63% used [0x14940000, 0x150e1dd8, 0x150e1e00, 0x15540000)
GC Heap History (10 events):
Event: 212.857 GC heap before
{Heap before GC invocations=0 (full 0):
 def new generation   total 4928K, used 4416K [0x04940000, 0x04e90000, 0x09e90000)
  eden space 4416K, 100% used [0x04940000, 0x04d90000, 0x04d90000)
  from space 512K,   0% used [0x04d90000, 0x04d90000, 0x04e10000)
  to   space 512K,   0% used [0x04e10000, 0x04e10000, 0x04e90000)
 tenured generation   total 10944K, used 0K [0x09e90000, 0x0a940000, 0x14940000)
   the space 10944K,   0% used [0x09e90000, 0x09e90000, 0x09e90200, 0x0a940000)
 compacting perm gen  total 12288K, used 2483K [0x14940000, 0x15540000, 0x18940000)
   the space 12288K,  20% used [0x14940000, 0x14bacc30, 0x14bace00, 0x15540000)
No shared spaces configured.
Event: 212.861 GC heap after
Heap after GC invocations=1 (full 0):
 def new generation   total 4928K, used 512K [0x04940000, 0x04e90000, 0x09e90000)
  eden space 4416K,   0% used [0x04940000, 0x04940000, 0x04d90000)
  from space 512K, 100% used [0x04e10000, 0x04e90000, 0x04e90000)
  to   space 512K,   0% used [0x04d90000, 0x04d90000, 0x04e10000)
 tenured generation   total 10944K, used 580K [0x09e90000, 0x0a940000, 0x14940000)
   the space 10944K,   5% used [0x09e90000, 0x09f21380, 0x09f21400, 0x0a940000)
 compacting perm gen  total 12288K, used 2483K [0x14940000, 0x15540000, 0x18940000)
   the space 12288K,  20% used [0x14940000, 0x14bacc30, 0x14bace00, 0x15540000)
No shared spaces configured.
}
Event: 213.338 GC heap before
{Heap before GC invocations=1 (full 0):
 def new generation   total 4928K, used 4928K [0x04940000, 0x04e90000, 0x09e90000)
  eden space 4416K, 100% used [0x04940000, 0x04d90000, 0x04d90000)
  from space 512K, 100% used [0x04e10000, 0x04e90000, 0x04e90000)
  to   space 512K,   0% used [0x04d90000, 0x04d90000, 0x04e10000)
 tenured generation   total 10944K, used 580K [0x09e90000, 0x0a940000, 0x14940000)
   the space 10944K,   5% used [0x09e90000, 0x09f21380, 0x09f21400, 0x0a940000)
 compacting perm gen  total 12288K, used 3991K [0x14940000, 0x15540000, 0x18940000)
   the space 12288K,  32% used [0x14940000, 0x14d25fa8, 0x14d26000, 0x15540000)
No shared spaces configured.
Event: 213.344 GC heap after
Heap after GC invocations=2 (full 0):
 def new generation   total 4928K, used 512K [0x04940000, 0x04e90000, 0x09e90000)
  eden space 4416K,   0% used [0x04940000, 0x04940000, 0x04d90000)
  from space 512K, 100% used [0x04d90000, 0x04e10000, 0x04e10000)
  to   space 512K,   0% used [0x04e10000, 0x04e10000, 0x04e90000)
 tenured generation   total 10944K, used 1596K [0x09e90000, 0x0a940000, 0x14940000)
   the space 10944K,  14% used [0x09e90000, 0x0a01f178, 0x0a01f200, 0x0a940000)
 compacting perm gen  total 12288K, used 3991K [0x14940000, 0x15540000, 0x18940000)
   the space 12288K,  32% used [0x14940000, 0x14d25fa8, 0x14d26000, 0x15540000)
No shared spaces configured.
}
Event: 213.869 GC heap before
{Heap before GC invocations=2 (full 0):
 def new generation   total 4928K, used 4907K [0x04940000, 0x04e90000, 0x09e90000)
  eden space 4416K,  99% used [0x04940000, 0x04d8af98, 0x04d90000)
  from space 512K, 100% used [0x04d90000, 0x04e10000, 0x04e10000)
  to   space 512K,   0% used [0x04e10000, 0x04e10000, 0x04e90000)
 tenured generation   total 10944K, used 1596K [0x09e90000, 0x0a940000, 0x14940000)
   the space 10944K,  14% used [0x09e90000, 0x0a01f178, 0x0a01f200, 0x0a940000)
 compacting perm gen  total 12288K, used 5798K [0x14940000, 0x15540000, 0x18940000)
   the space 12288K,  47% used [0x14940000, 0x14ee9bb8, 0x14ee9c00, 0x15540000)
No shared spaces configured.
Event: 213.877 GC heap after
Heap after GC invocations=3 (full 0):
 def new generation   total 4928K, used 512K [0x04940000, 0x04e90000, 0x09e90000)
  eden space 4416K,   0% used [0x04940000, 0x04940000, 0x04d90000)
  from space 512K, 100% used [0x04e10000, 0x04e90000, 0x04e90000)
  to   space 512K,   0% used [0x04d90000, 0x04d90000, 0x04e10000)
 tenured generation   total 10944K, used 2732K [0x09e90000, 0x0a940000, 0x14940000)
   the space 10944K,  24% used [0x09e90000, 0x0a13b3a8, 0x0a13b400, 0x0a940000)
 compacting perm gen  total 12288K, used 5798K [0x14940000, 0x15540000, 0x18940000)
   the space 12288K,  47% used [0x14940000, 0x14ee9bb8, 0x14ee9c00, 0x15540000)
No shared spaces configured.
}
Event: 214.258 GC heap before
{Heap before GC invocations=3 (full 0):
 def new generation   total 4928K, used 4928K [0x04940000, 0x04e90000, 0x09e90000)
  eden space 4416K, 100% used [0x04940000, 0x04d90000, 0x04d90000)
  from space 512K, 100% used [0x04e10000, 0x04e90000, 0x04e90000)
  to   space 512K,   0% used [0x04d90000, 0x04d90000, 0x04e10000)
 tenured generation   total 10944K, used 2732K [0x09e90000, 0x0a940000, 0x14940000)
   the space 10944K,  24% used [0x09e90000, 0x0a13b3a8, 0x0a13b400, 0x0a940000)
 compacting perm gen  total 12288K, used 6655K [0x14940000, 0x15540000, 0x18940000)
   the space 12288K,  54% used [0x14940000, 0x14fbfd28, 0x14fbfe00, 0x15540000)
No shared spaces configured.
Event: 214.265 GC heap after
Heap after GC invocations=4 (full 0):
 def new generation   total 4928K, used 511K [0x04940000, 0x04e90000, 0x09e90000)
  eden space 4416K,   0% used [0x04940000, 0x04940000, 0x04d90000)
  from space 512K,  99% used [0x04d90000, 0x04e0fff8, 0x04e10000)
  to   space 512K,   0% used [0x04e10000, 0x04e10000, 0x04e90000)
 tenured generation   total 10944K, used 3620K [0x09e90000, 0x0a940000, 0x14940000)
   the space 10944K,  33% used [0x09e90000, 0x0a2193d8, 0x0a219400, 0x0a940000)
 compacting perm gen  total 12288K, used 6655K [0x14940000, 0x15540000, 0x18940000)
   the space 12288K,  54% used [0x14940000, 0x14fbfd28, 0x14fbfe00, 0x15540000)
No shared spaces configured.
}
Event: 214.663 GC heap before
{Heap before GC invocations=4 (full 0):
 def new generation   total 4928K, used 4927K [0x04940000, 0x04e90000, 0x09e90000)
  eden space 4416K, 100% used [0x04940000, 0x04d90000, 0x04d90000)
  from space 512K,  99% used [0x04d90000, 0x04e0fff8, 0x04e10000)
  to   space 512K,   0% used [0x04e10000, 0x04e10000, 0x04e90000)
 tenured generation   total 10944K, used 3620K [0x09e90000, 0x0a940000, 0x14940000)
   the space 10944K,  33% used [0x09e90000, 0x0a2193d8, 0x0a219400, 0x0a940000)
 compacting perm gen  total 12288K, used 7315K [0x14940000, 0x15540000, 0x18940000)
   the space 12288K,  59% used [0x14940000, 0x15064e38, 0x15065000, 0x15540000)
No shared spaces configured.
Event: 214.668 GC heap after
Heap after GC invocations=5 (full 0):
 def new generation   total 4928K, used 511K [0x04940000, 0x04e90000, 0x09e90000)
  eden space 4416K,   0% used [0x04940000, 0x04940000, 0x04d90000)
  from space 512K,  99% used [0x04e10000, 0x04e8fff8, 0x04e90000)
  to   space 512K,   0% used [0x04d90000, 0x04d90000, 0x04e10000)
 tenured generation   total 10944K, used 4298K [0x09e90000, 0x0a940000, 0x14940000)
   the space 10944K,  39% used [0x09e90000, 0x0a2c2ac8, 0x0a2c2c00, 0x0a940000)
 compacting perm gen  total 12288K, used 7315K [0x14940000, 0x15540000, 0x18940000)
   the space 12288K,  59% used [0x14940000, 0x15064e38, 0x15065000, 0x15540000)
No shared spaces configured.
}

